<?xml version="1.0" encoding="UTF-8"?>
<!-- Generated by org.testng.reporters.JUnitReportReporter -->
<testsuite hostname="WKWZTRawyuRmi9l" failures="0" tests="1" name="SendMessages.SendText" time="29.674" errors="0" timestamp="2024-06-08T12:13:13 IST" skipped="0">
  <testcase classname="SendMessages.SendText" name="text" time="29.674"/>
  <system-out/>
</testsuite> <!-- SendMessages.SendText -->
